{"/Users/somoore/Documents/repos/re-hooks/src/index.tsx": {"path":"/Users/somoore/Documents/repos/re-hooks/src/index.tsx","statementMap":{"0":{"start":{"line":1,"column":0},"end":{"line":1,"column":33}}},"fnMap":{},"branchMap":{},"s":{"0":2},"f":{},"b":{}}
,"/Users/somoore/Documents/repos/re-hooks/src/useGeolocation/index.tsx": {"path":"/Users/somoore/Documents/repos/re-hooks/src/useGeolocation/index.tsx","statementMap":{"0":{"start":{"line":1,"column":0},"end":{"line":1,"column":44}},"1":{"start":{"line":33,"column":30},"end":{"line":59,"column":1}},"2":{"start":{"line":33,"column":40},"end":{"line":33,"column":42}},"3":{"start":{"line":33,"column":47},"end":{"line":33,"column":69}},"4":{"start":{"line":34,"column":30},"end":{"line":34,"column":66}},"5":{"start":{"line":34,"column":15},"end":{"line":34,"column":17}},"6":{"start":{"line":34,"column":26},"end":{"line":34,"column":30}},"7":{"start":{"line":36,"column":2},"end":{"line":43,"column":9}},"8":{"start":{"line":37,"column":4},"end":{"line":39,"column":null}},"9":{"start":{"line":38,"column":6},"end":{"line":38,"column":38}},"10":{"start":{"line":41,"column":4},"end":{"line":41,"column":25}},"11":{"start":{"line":42,"column":4},"end":{"line":42,"column":77}},"12":{"start":{"line":45,"column":26},"end":{"line":48,"column":3}},"13":{"start":{"line":46,"column":4},"end":{"line":46,"column":25}},"14":{"start":{"line":47,"column":4},"end":{"line":47,"column":22}},"15":{"start":{"line":50,"column":24},"end":{"line":54,"column":3}},"16":{"start":{"line":51,"column":4},"end":{"line":51,"column":23}},"17":{"start":{"line":53,"column":4},"end":{"line":53,"column":26}},"18":{"start":{"line":53,"column":15},"end":{"line":53,"column":26}},"19":{"start":{"line":56,"column":2},"end":{"line":58,"column":4}},"20":{"start":{"line":33,"column":13},"end":{"line":33,"column":30}}},"fnMap":{"0":{"name":"(anonymous_0)","decl":{"start":{"line":33,"column":30},"end":{"line":33,"column":31}},"loc":{"start":{"line":33,"column":69},"end":{"line":59,"column":1}}},"1":{"name":"(anonymous_1)","decl":{"start":{"line":36,"column":12},"end":{"line":36,"column":null}},"loc":{"start":{"line":36,"column":12},"end":{"line":43,"column":3}}},"2":{"name":"(anonymous_2)","decl":{"start":{"line":45,"column":26},"end":{"line":45,"column":27}},"loc":{"start":{"line":45,"column":48},"end":{"line":48,"column":3}}},"3":{"name":"(anonymous_3)","decl":{"start":{"line":50,"column":24},"end":{"line":50,"column":25}},"loc":{"start":{"line":50,"column":54},"end":{"line":54,"column":3}}}},"branchMap":{"0":{"loc":{"start":{"line":37,"column":4},"end":{"line":39,"column":null}},"type":"if","locations":[{"start":{"line":37,"column":4},"end":{"line":39,"column":null}}]},"1":{"loc":{"start":{"line":53,"column":4},"end":{"line":53,"column":26}},"type":"if","locations":[{"start":{"line":53,"column":4},"end":{"line":53,"column":26}}]}},"s":{"0":2,"1":2,"2":8,"3":8,"4":8,"5":8,"6":8,"7":8,"8":4,"9":1,"10":3,"11":3,"12":8,"13":1,"14":1,"15":8,"16":1,"17":1,"18":1,"19":8,"20":2},"f":{"0":8,"1":4,"2":1,"3":1},"b":{"0":[1],"1":[1]}}
}
